matrix[0][0] = 0
matrix[0][1] = 7
matrix[0][2] = 99999
matrix[0][3] = 7
matrix[1][0] = 3
matrix[1][1] = 0
matrix[1][2] = 2
matrix[1][3] = 5
começando sync de k=0
INSTANTE 0
INSTANTE 1 i(0) 
SERIALIZANDO - iniciou bloco de tamanho 8
SERIALIZANDO - Printando o bloco serializado
0	7	INF	7	3	0	2	5	
INSTANTE 2 i(0)
antes do bcast matrix[0][0] = 0 / matrix_size * (lines[1] - lines[0]) = 8
depois do bcast matrix[0][0] = 0
INSTANTE 3 i(0)
INSTANTE 1 i(1) 
INSTANTE 2 i(1)
antes do bcast matrix[0][0] = 0 / matrix_size * (lines[1] - lines[0]) = 8
depois do bcast matrix[0][0] = 0
INSTANTE 3 i(1)
dentro do não dono do bloco matrix[0][0] = 0
INSTANTE 4 i(1)
DESSERIALIZANDO - deserializando bloco de 2 linhas e 4 colunas
DESSERIALIZANDO - Printando o bloco desserializado
1	7	0	4	
2	9	8	0	

INSTANTE 5 i(1)
após deserialização matrix[0][0] = 0
INSTANTE 6 i(1) - lines[0] = 2 / line = 0 / j = 0
INSTANTE 6 i(1) - lines[0] = 2 / line = 0 / j = 1
INSTANTE 6 i(1) - lines[0] = 2 / line = 0 / j = 2
INSTANTE 6 i(1) - lines[0] = 2 / line = 0 / j = 3
INSTANTE 6 i(1) - lines[0] = 2 / line = 1 / j = 0
INSTANTE 6 i(1) - lines[0] = 2 / line = 1 / j = 1
INSTANTE 6 i(1) - lines[0] = 2 / line = 1 / j = 2
INSTANTE 6 i(1) - lines[0] = 2 / line = 1 / j = 3
terminado sync de k=0
matrix[0][0] = 0
matrix[0][1] = 7
matrix[0][2] = 9
matrix[0][3] = 7
matrix[1][0] = 3
matrix[1][1] = 0
matrix[1][2] = 2
matrix[1][3] = 5
começando sync de k=1
INSTANTE 0
INSTANTE 1 i(0) 
SERIALIZANDO - iniciou bloco de tamanho 8
SERIALIZANDO - Printando o bloco serializado
0	7	9	7	3	0	2	5	
INSTANTE 2 i(0)
antes do bcast matrix[0][0] = 0 / matrix_size * (lines[1] - lines[0]) = 8
depois do bcast matrix[0][0] = 0
INSTANTE 3 i(0)
INSTANTE 1 i(1) 
INSTANTE 2 i(1)
antes do bcast matrix[0][0] = 0 / matrix_size * (lines[1] - lines[0]) = 8
depois do bcast matrix[0][0] = 0
INSTANTE 3 i(1)
dentro do não dono do bloco matrix[0][0] = 0
INSTANTE 4 i(1)
DESSERIALIZANDO - deserializando bloco de 2 linhas e 4 colunas
DESSERIALIZANDO - Printando o bloco desserializado
1	7	0	4	
2	9	8	0	

INSTANTE 5 i(1)
após deserialização matrix[0][0] = 0
INSTANTE 6 i(1) - lines[0] = 2 / line = 0 / j = 0
INSTANTE 6 i(1) - lines[0] = 2 / line = 0 / j = 1
INSTANTE 6 i(1) - lines[0] = 2 / line = 0 / j = 2
INSTANTE 6 i(1) - lines[0] = 2 / line = 0 / j = 3
INSTANTE 6 i(1) - lines[0] = 2 / line = 1 / j = 0
INSTANTE 6 i(1) - lines[0] = 2 / line = 1 / j = 1
INSTANTE 6 i(1) - lines[0] = 2 / line = 1 / j = 2
INSTANTE 6 i(1) - lines[0] = 2 / line = 1 / j = 3
terminado sync de k=1
matrix[0][0] = 0
matrix[0][1] = 7
matrix[0][2] = 9
matrix[0][3] = 7
matrix[1][0] = 3
matrix[1][1] = 0
matrix[1][2] = 2
matrix[1][3] = 5
começando sync de k=2
INSTANTE 0
INSTANTE 1 i(0) 
SERIALIZANDO - iniciou bloco de tamanho 8
SERIALIZANDO - Printando o bloco serializado
0	7	9	7	3	0	2	5	
INSTANTE 2 i(0)
antes do bcast matrix[0][0] = 0 / matrix_size * (lines[1] - lines[0]) = 8
depois do bcast matrix[0][0] = 0
INSTANTE 3 i(0)
INSTANTE 1 i(1) 
INSTANTE 2 i(1)
antes do bcast matrix[0][0] = 0 / matrix_size * (lines[1] - lines[0]) = 8
depois do bcast matrix[0][0] = 0
INSTANTE 3 i(1)
dentro do não dono do bloco matrix[0][0] = 0
INSTANTE 4 i(1)
DESSERIALIZANDO - deserializando bloco de 2 linhas e 4 colunas
DESSERIALIZANDO - Printando o bloco desserializado
1	7	0	4	
2	9	8	0	

INSTANTE 5 i(1)
após deserialização matrix[0][0] = 0
INSTANTE 6 i(1) - lines[0] = 2 / line = 0 / j = 0
INSTANTE 6 i(1) - lines[0] = 2 / line = 0 / j = 1
INSTANTE 6 i(1) - lines[0] = 2 / line = 0 / j = 2
INSTANTE 6 i(1) - lines[0] = 2 / line = 0 / j = 3
INSTANTE 6 i(1) - lines[0] = 2 / line = 1 / j = 0
INSTANTE 6 i(1) - lines[0] = 2 / line = 1 / j = 1
INSTANTE 6 i(1) - lines[0] = 2 / line = 1 / j = 2
INSTANTE 6 i(1) - lines[0] = 2 / line = 1 / j = 3
terminado sync de k=2
matrix[0][0] = 0
matrix[0][1] = 7
matrix[0][2] = 9
matrix[0][3] = 7
matrix[1][0] = 3
matrix[1][1] = 0
matrix[1][2] = 2
matrix[1][3] = 5
começando sync de k=3
INSTANTE 0
INSTANTE 1 i(0) 
SERIALIZANDO - iniciou bloco de tamanho 8
SERIALIZANDO - Printando o bloco serializado
0	7	9	7	3	0	2	5	
INSTANTE 2 i(0)
antes do bcast matrix[0][0] = 0 / matrix_size * (lines[1] - lines[0]) = 8
depois do bcast matrix[0][0] = 0
INSTANTE 3 i(0)
INSTANTE 1 i(1) 
INSTANTE 2 i(1)
antes do bcast matrix[0][0] = 0 / matrix_size * (lines[1] - lines[0]) = 8
depois do bcast matrix[0][0] = 0
INSTANTE 3 i(1)
dentro do não dono do bloco matrix[0][0] = 0
INSTANTE 4 i(1)
DESSERIALIZANDO - deserializando bloco de 2 linhas e 4 colunas
DESSERIALIZANDO - Printando o bloco desserializado
1	7	0	4	
2	9	8	0	

INSTANTE 5 i(1)
após deserialização matrix[0][0] = 0
INSTANTE 6 i(1) - lines[0] = 2 / line = 0 / j = 0
INSTANTE 6 i(1) - lines[0] = 2 / line = 0 / j = 1
INSTANTE 6 i(1) - lines[0] = 2 / line = 0 / j = 2
INSTANTE 6 i(1) - lines[0] = 2 / line = 0 / j = 3
INSTANTE 6 i(1) - lines[0] = 2 / line = 1 / j = 0
INSTANTE 6 i(1) - lines[0] = 2 / line = 1 / j = 1
INSTANTE 6 i(1) - lines[0] = 2 / line = 1 / j = 2
INSTANTE 6 i(1) - lines[0] = 2 / line = 1 / j = 3
terminado sync de k=3
