matrix[2][0] = 1
matrix[2][1] = 7
matrix[2][2] = 0
matrix[2][3] = 4
matrix[3][0] = 2
matrix[3][1] = 9
matrix[3][2] = 8
matrix[3][3] = 0
começando sync de k=0
INSTANTE 0
INSTANTE 1 i(0) 
INSTANTE 2 i(0)
antes do bcast matrix[0][0] = 0 / matrix_size * (lines[1] - lines[0]) = 8
depois do bcast matrix[0][0] = 0
INSTANTE 3 i(0)
dentro do não dono do bloco matrix[0][0] = 0
INSTANTE 4 i(0)
DESSERIALIZANDO - deserializando bloco de 2 linhas e 4 colunas
DESSERIALIZANDO - Printando o bloco desserializado
0	7	INF	7	
3	0	2	5	

INSTANTE 5 i(0)
após deserialização matrix[0][0] = 0
INSTANTE 6 i(0) - lines[0] = 0 / line = 0 / j = 0
INSTANTE 6 i(0) - lines[0] = 0 / line = 0 / j = 1
INSTANTE 6 i(0) - lines[0] = 0 / line = 0 / j = 2
INSTANTE 6 i(0) - lines[0] = 0 / line = 0 / j = 3
INSTANTE 6 i(0) - lines[0] = 0 / line = 1 / j = 0
INSTANTE 6 i(0) - lines[0] = 0 / line = 1 / j = 1
INSTANTE 6 i(0) - lines[0] = 0 / line = 1 / j = 2
INSTANTE 6 i(0) - lines[0] = 0 / line = 1 / j = 3
INSTANTE 1 i(1) 
SERIALIZANDO - iniciou bloco de tamanho 8
SERIALIZANDO - Printando o bloco serializado
1	7	0	4	2	9	8	0	
INSTANTE 2 i(1)
antes do bcast matrix[0][0] = 0 / matrix_size * (lines[1] - lines[0]) = 8
depois do bcast matrix[0][0] = 0
INSTANTE 3 i(1)
terminado sync de k=0
matrix[2][0] = 1
matrix[2][1] = 7
matrix[2][2] = 0
matrix[2][3] = 4
matrix[3][0] = 2
matrix[3][1] = 9
matrix[3][2] = 8
matrix[3][3] = 0
começando sync de k=1
INSTANTE 0
INSTANTE 1 i(0) 
INSTANTE 2 i(0)
antes do bcast matrix[0][0] = 0 / matrix_size * (lines[1] - lines[0]) = 8
depois do bcast matrix[0][0] = 0
INSTANTE 3 i(0)
dentro do não dono do bloco matrix[0][0] = 0
INSTANTE 4 i(0)
DESSERIALIZANDO - deserializando bloco de 2 linhas e 4 colunas
DESSERIALIZANDO - Printando o bloco desserializado
0	7	9	7	
3	0	2	5	

INSTANTE 5 i(0)
após deserialização matrix[0][0] = 0
INSTANTE 6 i(0) - lines[0] = 0 / line = 0 / j = 0
INSTANTE 6 i(0) - lines[0] = 0 / line = 0 / j = 1
INSTANTE 6 i(0) - lines[0] = 0 / line = 0 / j = 2
INSTANTE 6 i(0) - lines[0] = 0 / line = 0 / j = 3
INSTANTE 6 i(0) - lines[0] = 0 / line = 1 / j = 0
INSTANTE 6 i(0) - lines[0] = 0 / line = 1 / j = 1
INSTANTE 6 i(0) - lines[0] = 0 / line = 1 / j = 2
INSTANTE 6 i(0) - lines[0] = 0 / line = 1 / j = 3
INSTANTE 1 i(1) 
SERIALIZANDO - iniciou bloco de tamanho 8
SERIALIZANDO - Printando o bloco serializado
1	7	0	4	2	9	8	0	
INSTANTE 2 i(1)
antes do bcast matrix[0][0] = 0 / matrix_size * (lines[1] - lines[0]) = 8
depois do bcast matrix[0][0] = 0
INSTANTE 3 i(1)
terminado sync de k=1
matrix[2][0] = 1
matrix[2][1] = 7
matrix[2][2] = 0
matrix[2][3] = 4
matrix[3][0] = 2
matrix[3][1] = 9
matrix[3][2] = 8
matrix[3][3] = 0
começando sync de k=2
INSTANTE 0
INSTANTE 1 i(0) 
INSTANTE 2 i(0)
antes do bcast matrix[0][0] = 0 / matrix_size * (lines[1] - lines[0]) = 8
depois do bcast matrix[0][0] = 0
INSTANTE 3 i(0)
dentro do não dono do bloco matrix[0][0] = 0
INSTANTE 4 i(0)
DESSERIALIZANDO - deserializando bloco de 2 linhas e 4 colunas
DESSERIALIZANDO - Printando o bloco desserializado
0	7	9	7	
3	0	2	5	

INSTANTE 5 i(0)
após deserialização matrix[0][0] = 0
INSTANTE 6 i(0) - lines[0] = 0 / line = 0 / j = 0
INSTANTE 6 i(0) - lines[0] = 0 / line = 0 / j = 1
INSTANTE 6 i(0) - lines[0] = 0 / line = 0 / j = 2
INSTANTE 6 i(0) - lines[0] = 0 / line = 0 / j = 3
INSTANTE 6 i(0) - lines[0] = 0 / line = 1 / j = 0
INSTANTE 6 i(0) - lines[0] = 0 / line = 1 / j = 1
INSTANTE 6 i(0) - lines[0] = 0 / line = 1 / j = 2
INSTANTE 6 i(0) - lines[0] = 0 / line = 1 / j = 3
INSTANTE 1 i(1) 
SERIALIZANDO - iniciou bloco de tamanho 8
SERIALIZANDO - Printando o bloco serializado
1	7	0	4	2	9	8	0	
INSTANTE 2 i(1)
antes do bcast matrix[0][0] = 0 / matrix_size * (lines[1] - lines[0]) = 8
depois do bcast matrix[0][0] = 0
INSTANTE 3 i(1)
terminado sync de k=2
matrix[2][0] = 1
matrix[2][1] = 7
matrix[2][2] = 0
matrix[2][3] = 4
matrix[3][0] = 2
matrix[3][1] = 9
matrix[3][2] = 8
matrix[3][3] = 0
começando sync de k=3
INSTANTE 0
INSTANTE 1 i(0) 
INSTANTE 2 i(0)
antes do bcast matrix[0][0] = 0 / matrix_size * (lines[1] - lines[0]) = 8
depois do bcast matrix[0][0] = 0
INSTANTE 3 i(0)
dentro do não dono do bloco matrix[0][0] = 0
INSTANTE 4 i(0)
DESSERIALIZANDO - deserializando bloco de 2 linhas e 4 colunas
DESSERIALIZANDO - Printando o bloco desserializado
0	7	9	7	
3	0	2	5	

INSTANTE 5 i(0)
após deserialização matrix[0][0] = 0
INSTANTE 6 i(0) - lines[0] = 0 / line = 0 / j = 0
INSTANTE 6 i(0) - lines[0] = 0 / line = 0 / j = 1
INSTANTE 6 i(0) - lines[0] = 0 / line = 0 / j = 2
INSTANTE 6 i(0) - lines[0] = 0 / line = 0 / j = 3
INSTANTE 6 i(0) - lines[0] = 0 / line = 1 / j = 0
INSTANTE 6 i(0) - lines[0] = 0 / line = 1 / j = 1
INSTANTE 6 i(0) - lines[0] = 0 / line = 1 / j = 2
INSTANTE 6 i(0) - lines[0] = 0 / line = 1 / j = 3
INSTANTE 1 i(1) 
SERIALIZANDO - iniciou bloco de tamanho 8
SERIALIZANDO - Printando o bloco serializado
1	7	0	4	2	9	8	0	
INSTANTE 2 i(1)
antes do bcast matrix[0][0] = 0 / matrix_size * (lines[1] - lines[0]) = 8
depois do bcast matrix[0][0] = 0
INSTANTE 3 i(1)
terminado sync de k=3
